Execute Anonymous

================================

r2_MandrillService.sendSync('sample', '00Qj0000003cqxk,00Qj0000003crEv');

================================

31.0 APEX_CODE,DEBUG;APEX_PROFILING,DEBUG;CALLOUT,INFO;DB,INFO;VALIDATION,INFO;WORKFLOW,INFO
Execute Anonymous: r2_MandrillService.sendSync('sample', '00Qj0000003cqxk,00Qj0000003crEv');
13:50:02.280 (280089993)|EXECUTION_STARTED
13:50:02.280 (280105976)|CODE_UNIT_STARTED|[EXTERNAL]|execute_anonymous_apex
13:50:02.332 (332348187)|METHOD_ENTRY|[20]|01pj0000001hk5B|r2_MandrillService.r2_MandrillService()
13:50:02.332 (332370675)|METHOD_EXIT|[20]|r2_MandrillService
13:50:02.332 (332414775)|METHOD_ENTRY|[1]|01pj0000001hk5B|r2_MandrillService.sendSync(String, String)
13:50:02.332 (332478423)|METHOD_ENTRY|[44]|01pj0000001hk5B|r2_MandrillService.getMandrillOperation(String, String)
13:50:02.339 (339112024)|METHOD_ENTRY|[93]|01pj0000001hk5B|r2_MandrillService.idsToList(String)
13:50:02.339 (339320812)|METHOD_EXIT|[93]|01pj0000001hk5B|r2_MandrillService.idsToList(String)
13:50:02.339 (339340277)|METHOD_ENTRY|[94]|01pj0000001hk5B|r2_MandrillService.typeFromIds(LIST<Id>)
13:50:02.339 (339885715)|METHOD_EXIT|[94]|01pj0000001hk5B|r2_MandrillService.typeFromIds(LIST<Id>)
13:50:02.386 (386864093)|METHOD_ENTRY|[1]|01pj0000001hk4w|r2_Mandrill_Lead_Sample.r2_Mandrill_Lead_Sample()
13:50:02.386 (386897333)|METHOD_EXIT|[1]|r2_Mandrill_Lead_Sample
13:50:02.387 (387033368)|METHOD_ENTRY|[117]|01pj0000001hk4w|r2_Mandrill_Lead_Sample.prepare(LIST<Id>)
13:50:02.387 (387294260)|SOQL_EXECUTE_BEGIN|[8]|Aggregations:0|select id, name, email from Lead where Id IN :tmpVar1
13:50:02.401 (401098003)|SOQL_EXECUTE_END|[8]|Rows:2
13:50:02.401 (401790170)|METHOD_EXIT|[117]|01pj0000001hk4w|r2_Mandrill_Lead_Sample.prepare(LIST<Id>)
13:50:02.401 (401804652)|METHOD_EXIT|[44]|01pj0000001hk5B|r2_MandrillService.getMandrillOperation(String, String)
13:50:02.401 (401819457)|METHOD_ENTRY|[47]|01pj0000001hk5B|r2_MandrillService.getApiKey()
13:50:02.401 (401851964)|METHOD_EXIT|[47]|01pj0000001hk5B|r2_MandrillService.getApiKey()
13:50:02.402 (402018826)|METHOD_ENTRY|[59]|01pj0000001hk4w|r2_Mandrill_Lead_Sample.getMessage()
13:50:02.403 (403755326)|METHOD_ENTRY|[1]|01pj0000001hk5L|r2_MandrillTo.r2_MandrillTo()
13:50:02.403 (403777457)|METHOD_EXIT|[1]|r2_MandrillTo
13:50:02.403 (403834221)|CONSTRUCTOR_ENTRY|[17]|01pj0000001hk5L|<init>(String,String)
13:50:02.403 (403883218)|CONSTRUCTOR_EXIT|[17]|01pj0000001hk5L|<init>(String,String)
13:50:02.403 (403967799)|CONSTRUCTOR_ENTRY|[17]|01pj0000001hk5L|<init>(String,String)
13:50:02.403 (403996759)|CONSTRUCTOR_EXIT|[17]|01pj0000001hk5L|<init>(String,String)
13:50:02.404 (404124704)|METHOD_ENTRY|[24]|01pj0000001hk4w|r2_Mandrill_Lead_Sample.getContent()
13:50:02.406 (406205658)|METHOD_ENTRY|[1]|01pj0000001hk51|r2_MandrillMergeVar.r2_MandrillMergeVar()
13:50:02.406 (406217772)|METHOD_EXIT|[1]|r2_MandrillMergeVar
13:50:02.406 (406248324)|CONSTRUCTOR_ENTRY|[35]|01pj0000001hk51|<init>(String)
13:50:02.406 (406313415)|CONSTRUCTOR_EXIT|[35]|01pj0000001hk51|<init>(String)
13:50:02.406 (406351546)|METHOD_ENTRY|[37]|01pj0000001hk51|r2_MandrillMergeVar.addVar(String, Object)
13:50:02.406 (406493006)|METHOD_EXIT|[37]|01pj0000001hk51|r2_MandrillMergeVar.addVar(String, Object)
13:50:02.406 (406570395)|CONSTRUCTOR_ENTRY|[35]|01pj0000001hk51|<init>(String)
13:50:02.406 (406597460)|CONSTRUCTOR_EXIT|[35]|01pj0000001hk51|<init>(String)
13:50:02.406 (406611638)|METHOD_ENTRY|[37]|01pj0000001hk51|r2_MandrillMergeVar.addVar(String, Object)
13:50:02.406 (406682421)|METHOD_EXIT|[37]|01pj0000001hk51|r2_MandrillMergeVar.addVar(String, Object)
13:50:02.406 (406728464)|METHOD_EXIT|[24]|01pj0000001hk4w|r2_Mandrill_Lead_Sample.getContent()
13:50:02.406 (406766093)|METHOD_ENTRY|[26]|01pj0000001hk4w|r2_Mandrill_Lead_Sample.getMetadata()
13:50:02.408 (408442947)|METHOD_ENTRY|[1]|01pj0000001hk56|r2_MandrillMetadata.r2_MandrillMetadata()
13:50:02.408 (408463439)|METHOD_EXIT|[1]|r2_MandrillMetadata
13:50:02.408 (408496092)|CONSTRUCTOR_ENTRY|[49]|01pj0000001hk56|<init>(String)
13:50:02.408 (408546660)|CONSTRUCTOR_EXIT|[49]|01pj0000001hk56|<init>(String)
13:50:02.408 (408597738)|METHOD_ENTRY|[50]|01pj0000001hk56|r2_MandrillMetadata.addValue(String, Object)
13:50:02.408 (408689603)|METHOD_EXIT|[50]|01pj0000001hk56|r2_MandrillMetadata.addValue(String, Object)
13:50:02.408 (408770112)|CONSTRUCTOR_ENTRY|[49]|01pj0000001hk56|<init>(String)
13:50:02.408 (408802028)|CONSTRUCTOR_EXIT|[49]|01pj0000001hk56|<init>(String)
13:50:02.408 (408816773)|METHOD_ENTRY|[50]|01pj0000001hk56|r2_MandrillMetadata.addValue(String, Object)
13:50:02.408 (408861069)|METHOD_EXIT|[50]|01pj0000001hk56|r2_MandrillMetadata.addValue(String, Object)
13:50:02.408 (408912458)|METHOD_EXIT|[26]|01pj0000001hk4w|r2_Mandrill_Lead_Sample.getMetadata()
13:50:02.408 (408951280)|METHOD_EXIT|[59]|01pj0000001hk4w|r2_Mandrill_Lead_Sample.getMessage()
13:50:02.411 (411351718)|USER_DEBUG|[68]|DEBUG|{"key":"AGnJY23HhEWL6uklIkt_WQ","template_name":"sample","template_content":[],"message":{"recipient_metadata":[{"values":{"id":"00Qj0000003cqxkEAA"},"rcpt":"roberto@3vot.com"},{"values":{"id":"00Qj0000003crEvEAI"},"rcpt":"roberto@rodcocr.com"}],"subject":"Lead Email","merge_vars":[{"vars":[{"name":"Name","content":"Roberto Rodriguez"}],"rcpt":"roberto@3vot.com"},{"vars":[{"name":"Name","content":"Roberto Antonio"}],"rcpt":"roberto@rodcocr.com"}],"to":[{"name":"Roberto Rodriguez","email":"roberto@3vot.com"},{"name":"Roberto Antonio","email":"roberto@rodcocr.com"}]}}
13:50:02.411 (411479176)|CALLOUT_REQUEST|[72]|System.HttpRequest[Endpoint=https://mandrillapp.com/api/1.0/messages/send-template.json, Method=POST]
13:50:03.184 (1184991420)|CALLOUT_RESPONSE|[72]|System.HttpResponse[Status=OK, StatusCode=200]
13:50:03.185 (1185200004)|USER_DEBUG|[74]|DEBUG|[{"email":"roberto@3vot.com","status":"sent","_id":"32d04d302149413dbe0cbf9b688afb80","reject_reason":null},{"email":"roberto@rodcocr.com","status":"sent","_id":"719167c5ff38456cbb9c4bd814f5ad80","reject_reason":null}]
13:50:03.185 (1185268322)|METHOD_EXIT|[1]|01pj0000001hk5B|r2_MandrillService.sendSync(String, String)
13:50:03.355 (1187743703)|CUMULATIVE_LIMIT_USAGE
13:50:03.355|LIMIT_USAGE_FOR_NS|(default)|
  Number of SOQL queries: 1 out of 100
  Number of query rows: 2 out of 50000
  Number of SOSL queries: 0 out of 20
  Number of DML statements: 0 out of 150
  Number of DML rows: 0 out of 10000
  Maximum CPU time: 0 out of 10000
  Maximum heap size: 0 out of 6000000
  Number of callouts: 1 out of 100
  Number of Email Invocations: 0 out of 10
  Number of future calls: 0 out of 50
  Number of queueable jobs added to the queue: 0 out of 50
  Number of Mobile Apex push calls: 0 out of 10

13:50:03.355|CUMULATIVE_LIMIT_USAGE_END

13:50:03.187 (1187793368)|CODE_UNIT_FINISHED|execute_anonymous_apex
13:50:03.188 (1188851532)|EXECUTION_FINISHED